
deck1 -> 'Ngữ pháp N3 - Mondai 1 (theo cấu trúc)': 255 deck con, 392 thẻ
  Ngữ pháp N3 - Mondai 1 (theo cấu trúc)::001. Vさせる (8)  [8 thẻ]
  Ngữ pháp N3 - Mondai 1 (theo cấu trúc)::002. Vてしまう (7)  [7 thẻ]
  Ngữ pháp N3 - Mondai 1 (theo cấu trúc)::003. Vれる (thể khả năng) (6)  [6 thẻ]
  Ngữ pháp N3 - Mondai 1 (theo cấu trúc)::004. Vたい (5)  [5 thẻ]
  Ngữ pháp N3 - Mondai 1 (theo cấu trúc)::005. Vたら (5)  [5 thẻ]
  Ngữ pháp N3 - Mondai 1 (theo cấu trúc)::006. Vてくる (5)  [5 thẻ]
  Ngữ pháp N3 - Mondai 1 (theo cấu trúc)::007. Vてみる (5)  [5 thẻ]
  Ngữ pháp N3 - Mondai 1 (theo cấu trúc)::008. Vてもらう (5)  [5 thẻ]
  ... (+247 deck con nữa)
  ĐÃ ÁP DỤNG. (origin lưu ở deckN.origin.json để hoàn tác nếu cần)

deck2 -> 'Ngữ pháp N3 - Mondai 2 (theo cấu trúc)': 118 deck con, 135 thẻ
  Ngữ pháp N3 - Mondai 2 (theo cấu trúc)::001. Nほど〜ない (6)  [6 thẻ]
  Ngữ pháp N3 - Mondai 2 (theo cấu trúc)::002. Vてもおかしくない (3)  [3 thẻ]
  Ngữ pháp N3 - Mondai 2 (theo cấu trúc)::003. Vるの (3)  [3 thẻ]
  Ngữ pháp N3 - Mondai 2 (theo cấu trúc)::004. 〜ということ (3)  [3 thẻ]
  Ngữ pháp N3 - Mondai 2 (theo cấu trúc)::005. Vていたら (2)  [2 thẻ]
  Ngữ pháp N3 - Mondai 2 (theo cấu trúc)::006. Vながら (2)  [2 thẻ]
  Ngữ pháp N3 - Mondai 2 (theo cấu trúc)::007. Vると (2)  [2 thẻ]
  Ngữ pháp N3 - Mondai 2 (theo cấu trúc)::008. Vるようにする (2)  [2 thẻ]
  ... (+110 deck con nữa)
  ĐÃ ÁP DỤNG. (origin lưu ở deckN.origin.json để hoàn tác nếu cần)
