cards: 1 mới (đã có 59), bỏ qua 59, model=Basic
  ĐÃ TẠO 1/1 thẻ mới | tổng đã import: 60/223 vào 'N3 Nghe hiểu - Mondai 5 (即時応答)'
topup round 1: imported=60/223
cards: 0 mới (đã có 60), bỏ qua 60, model=Basic
  không có thẻ mới để thêm.
topup round 2: imported=60/223
cards: 0 mới (đã có 60), bỏ qua 60, model=Basic
  không có thẻ mới để thêm.
topup round 3: imported=60/223
cards: 0 mới (đã có 60), bỏ qua 60, model=Basic
  không có thẻ mới để thêm.
topup round 4: imported=60/223
cards: 0 mới (đã có 60), bỏ qua 60, model=Basic
  không có thẻ mới để thêm.
topup round 5: imported=60/223
cards: 0 mới (đã có 60), bỏ qua 60, model=Basic
  không có thẻ mới để thêm.
topup round 6: imported=60/223
cards: 0 mới (đã có 60), bỏ qua 60, model=Basic
  không có thẻ mới để thêm.
topup round 7: imported=60/223
cards: 0 mới (đã có 60), bỏ qua 60, model=Basic
  không có thẻ mới để thêm.
topup round 8: imported=60/223
cards: 0 mới (đã có 60), bỏ qua 60, model=Basic
  không có thẻ mới để thêm.
topup round 9: imported=60/223
cards: 0 mới (đã có 60), bỏ qua 60, model=Basic
  không có thẻ mới để thêm.
topup round 10: imported=60/223
cards: 0 mới (đã có 60), bỏ qua 60, model=Basic
  không có thẻ mới để thêm.
topup round 11: imported=60/223
cards: 0 mới (đã có 60), bỏ qua 60, model=Basic
  không có thẻ mới để thêm.
topup round 12: imported=60/223
cards: 0 mới (đã có 60), bỏ qua 60, model=Basic
  không có thẻ mới để thêm.
topup round 13: imported=60/223
cards: 0 mới (đã có 60), bỏ qua 60, model=Basic
  không có thẻ mới để thêm.
topup round 14: imported=60/223
cards: 0 mới (đã có 60), bỏ qua 60, model=Basic
  không có thẻ mới để thêm.
topup round 15: imported=60/223
cards: 6 mới (đã có 60), bỏ qua 60, model=Basic
  ĐÃ TẠO 6/6 thẻ mới | tổng đã import: 66/223 vào 'N3 Nghe hiểu - Mondai 5 (即時応答)'
round 1: imported=66/223
cards: 21 mới (đã có 66), bỏ qua 66, model=Basic
  ĐÃ TẠO 21/21 thẻ mới | tổng đã import: 87/223 vào 'N3 Nghe hiểu - Mondai 5 (即時応答)'
round 2: imported=87/223
cards: 21 mới (đã có 87), bỏ qua 87, model=Basic
  ĐÃ TẠO 21/21 thẻ mới | tổng đã import: 108/223 vào 'N3 Nghe hiểu - Mondai 5 (即時応答)'
round 3: imported=108/223
cards: 0 mới (đã có 108), bỏ qua 108, model=Basic
  không có thẻ mới để thêm.
round 4: imported=108/223
cards: 0 mới (đã có 108), bỏ qua 108, model=Basic
  không có thẻ mới để thêm.
round 5: imported=108/223
cards: 0 mới (đã có 108), bỏ qua 108, model=Basic
  không có thẻ mới để thêm.
round 6: imported=108/223
cards: 0 mới (đã có 108), bỏ qua 108, model=Basic
  không có thẻ mới để thêm.
round 7: imported=108/223
cards: 0 mới (đã có 108), bỏ qua 108, model=Basic
  không có thẻ mới để thêm.
round 8: imported=108/223
cards: 0 mới (đã có 108), bỏ qua 108, model=Basic
  không có thẻ mới để thêm.
round 9: imported=108/223
cards: 0 mới (đã có 108), bỏ qua 108, model=Basic
  không có thẻ mới để thêm.
round 10: imported=108/223
cards: 0 mới (đã có 108), bỏ qua 108, model=Basic
  không có thẻ mới để thêm.
round 11: imported=108/223
cards: 0 mới (đã có 108), bỏ qua 108, model=Basic
  không có thẻ mới để thêm.
round 12: imported=108/223
cards: 0 mới (đã có 108), bỏ qua 108, model=Basic
  không có thẻ mới để thêm.
round 13: imported=108/223
cards: 0 mới (đã có 108), bỏ qua 108, model=Basic
  không có thẻ mới để thêm.
round 14: imported=108/223
cards: 0 mới (đã có 108), bỏ qua 108, model=Basic
  không có thẻ mới để thêm.
round 15: imported=108/223
cards: 0 mới (đã có 108), bỏ qua 108, model=Basic
  không có thẻ mới để thêm.
round 16: imported=108/223
cards: 0 mới (đã có 108), bỏ qua 108, model=Basic
  không có thẻ mới để thêm.
round 17: imported=108/223
cards: 0 mới (đã có 108), bỏ qua 108, model=Basic
  không có thẻ mới để thêm.
round 18: imported=108/223
cards: 0 mới (đã có 108), bỏ qua 108, model=Basic
  không có thẻ mới để thêm.
round 19: imported=108/223
cards: 0 mới (đã có 108), bỏ qua 108, model=Basic
  không có thẻ mới để thêm.
round 20: imported=108/223
cards: 0 mới (đã có 108), bỏ qua 108, model=Basic
  không có thẻ mới để thêm.
round 21: imported=108/223
cards: 0 mới (đã có 108), bỏ qua 108, model=Basic
  không có thẻ mới để thêm.
round 22: imported=108/223
cards: 0 mới (đã có 108), bỏ qua 108, model=Basic
  không có thẻ mới để thêm.
round 23: imported=108/223
cards: 0 mới (đã có 108), bỏ qua 108, model=Basic
  không có thẻ mới để thêm.
round 24: imported=108/223
cards: 0 mới (đã có 108), bỏ qua 108, model=Basic
  không có thẻ mới để thêm.
round 25: imported=108/223
cards: 0 mới (đã có 108), bỏ qua 108, model=Basic
  không có thẻ mới để thêm.
round 26: imported=108/223
cards: 21 mới (đã có 108), bỏ qua 108, model=Basic
  ĐÃ TẠO 21/21 thẻ mới | tổng đã import: 129/223 vào 'N3 Nghe hiểu - Mondai 5 (即時応答)'
round 27: imported=129/223
cards: 27 mới (đã có 129), bỏ qua 129, model=Basic
  ĐÃ TẠO 27/27 thẻ mới | tổng đã import: 156/223 vào 'N3 Nghe hiểu - Mondai 5 (即時応答)'
round 28: imported=156/223
cards: 21 mới (đã có 156), bỏ qua 156, model=Basic
  ĐÃ TẠO 21/21 thẻ mới | tổng đã import: 177/223 vào 'N3 Nghe hiểu - Mondai 5 (即時応答)'
round 29: imported=177/223
cards: 3 mới (đã có 177), bỏ qua 177, model=Basic
  ĐÃ TẠO 3/3 thẻ mới | tổng đã import: 180/223 vào 'N3 Nghe hiểu - Mondai 5 (即時応答)'
round 30: imported=180/223
cards: 6 mới (đã có 180), bỏ qua 180, model=Basic
  ĐÃ TẠO 6/6 thẻ mới | tổng đã import: 186/223 vào 'N3 Nghe hiểu - Mondai 5 (即時応答)'
round 31: imported=186/223
cards: 3 mới (đã có 186), bỏ qua 186, model=Basic
  ĐÃ TẠO 3/3 thẻ mới | tổng đã import: 189/223 vào 'N3 Nghe hiểu - Mondai 5 (即時応答)'
round 32: imported=189/223
cards: 0 mới (đã có 189), bỏ qua 189, model=Basic
  không có thẻ mới để thêm.
round 33: imported=189/223
cards: 0 mới (đã có 189), bỏ qua 189, model=Basic
  không có thẻ mới để thêm.
round 34: imported=189/223
cards: 0 mới (đã có 189), bỏ qua 189, model=Basic
  không có thẻ mới để thêm.
round 35: imported=189/223
cards: 0 mới (đã có 189), bỏ qua 189, model=Basic
  không có thẻ mới để thêm.
round 36: imported=189/223
cards: 0 mới (đã có 189), bỏ qua 189, model=Basic
  không có thẻ mới để thêm.
round 37: imported=189/223
cards: 3 mới (đã có 189), bỏ qua 189, model=Basic
  ĐÃ TẠO 3/3 thẻ mới | tổng đã import: 192/223 vào 'N3 Nghe hiểu - Mondai 5 (即時応答)'
round 38: imported=192/223
cards: 0 mới (đã có 192), bỏ qua 192, model=Basic
  không có thẻ mới để thêm.
round 39: imported=192/223
cards: 0 mới (đã có 192), bỏ qua 192, model=Basic
  không có thẻ mới để thêm.
round 40: imported=192/223
cards: 0 mới (đã có 192), bỏ qua 192, model=Basic
  không có thẻ mới để thêm.
round 41: imported=192/223
cards: 0 mới (đã có 192), bỏ qua 192, model=Basic
  không có thẻ mới để thêm.
round 42: imported=192/223
cards: 0 mới (đã có 192), bỏ qua 192, model=Basic
  không có thẻ mới để thêm.
round 43: imported=192/223
cards: 0 mới (đã có 192), bỏ qua 192, model=Basic
  không có thẻ mới để thêm.
round 44: imported=192/223
cards: 0 mới (đã có 192), bỏ qua 192, model=Basic
  không có thẻ mới để thêm.
round 45: imported=192/223
cards: 0 mới (đã có 192), bỏ qua 192, model=Basic
  không có thẻ mới để thêm.
round 46: imported=192/223
cards: 0 mới (đã có 192), bỏ qua 192, model=Basic
  không có thẻ mới để thêm.
round 47: imported=192/223
cards: 0 mới (đã có 192), bỏ qua 192, model=Basic
  không có thẻ mới để thêm.
round 48: imported=192/223
cards: 0 mới (đã có 192), bỏ qua 192, model=Basic
  không có thẻ mới để thêm.
round 49: imported=192/223
cards: 0 mới (đã có 192), bỏ qua 192, model=Basic
  không có thẻ mới để thêm.
round 50: imported=192/223
cards: 0 mới (đã có 192), bỏ qua 192, model=Basic
  không có thẻ mới để thêm.
round 51: imported=192/223
cards: 0 mới (đã có 192), bỏ qua 192, model=Basic
  không có thẻ mới để thêm.
round 52: imported=192/223
cards: 0 mới (đã có 192), bỏ qua 192, model=Basic
  không có thẻ mới để thêm.
round 53: imported=192/223
cards: 0 mới (đã có 192), bỏ qua 192, model=Basic
  không có thẻ mới để thêm.
round 54: imported=192/223
cards: 0 mới (đã có 192), bỏ qua 192, model=Basic
  không có thẻ mới để thêm.
round 55: imported=192/223
cards: 0 mới (đã có 192), bỏ qua 192, model=Basic
  không có thẻ mới để thêm.
round 56: imported=192/223
cards: 0 mới (đã có 192), bỏ qua 192, model=Basic
  không có thẻ mới để thêm.
round 57: imported=192/223
cards: 0 mới (đã có 192), bỏ qua 192, model=Basic
  không có thẻ mới để thêm.
round 58: imported=192/223
cards: 0 mới (đã có 192), bỏ qua 192, model=Basic
  không có thẻ mới để thêm.
round 59: imported=192/223
cards: 0 mới (đã có 192), bỏ qua 192, model=Basic
  không có thẻ mới để thêm.
round 60: imported=192/223
cards: 0 mới (đã có 192), bỏ qua 192, model=Basic
  không có thẻ mới để thêm.
round 61: imported=192/223
cards: 0 mới (đã có 192), bỏ qua 192, model=Basic
  không có thẻ mới để thêm.
round 62: imported=192/223
cards: 0 mới (đã có 192), bỏ qua 192, model=Basic
  không có thẻ mới để thêm.
round 63: imported=192/223
cards: 0 mới (đã có 192), bỏ qua 192, model=Basic
  không có thẻ mới để thêm.
round 64: imported=192/223
cards: 0 mới (đã có 192), bỏ qua 192, model=Basic
  không có thẻ mới để thêm.
round 65: imported=192/223
cards: 0 mới (đã có 192), bỏ qua 192, model=Basic
  không có thẻ mới để thêm.
round 66: imported=192/223
cards: 9 mới (đã có 192), bỏ qua 192, model=Basic
  ĐÃ TẠO 9/9 thẻ mới | tổng đã import: 201/223 vào 'N3 Nghe hiểu - Mondai 5 (即時応答)'
round 67: imported=201/223
cards: 12 mới (đã có 201), bỏ qua 201, model=Basic
  ĐÃ TẠO 12/12 thẻ mới | tổng đã import: 213/223 vào 'N3 Nghe hiểu - Mondai 5 (即時応答)'
round 68: imported=213/223
