m5: đọc 223 ảnh khoanh đỏ
  [4/223] [(1, 3), (2, 1), (3, 3), (4, 2)]
  [8/223] [(5, 2), (6, 1), (7, 2), (8, 2)]
  [12/223] [(9, 0), (10, 3), (11, 1), (12, 3)]
  [16/223] [(13, 2), (14, 3), (15, 1), (16, 3)]
  [20/223] [(17, 3), (18, 0), (19, 3), (20, 1)]
  [24/223] [(21, 3), (22, 2), (23, 2), (24, 1)]
  [28/223] [(25, 3), (26, 0), (27, 2), (28, 2)]
  [32/223] [(29, 1), (30, 3), (31, 2), (32, 3)]
  [36/223] [(33, 1), (34, 0), (35, 3), (36, 2)]
  [40/223] [(37, 1), (38, 1), (39, 2), (40, 2)]
  [44/223] [(41, 1), (42, 1), (43, 0), (44, 1)]
  [48/223] [(45, 2), (46, 2), (47, 3), (48, 1)]
  [52/223] [(49, 2), (50, 3), (51, 3), (52, 0)]
  [56/223] [(53, 3), (54, 2), (55, 3), (56, 2)]
  [60/223] [(57, 3), (58, 1), (59, 1), (60, 3)]
  [64/223] [(61, 0), (62, 1), (63, 1), (64, 2)]
  [68/223] [(65, 3), (66, 1), (67, 3), (68, 0)]
  [72/223] [(69, 3), (70, 0), (71, 2), (72, 1)]
  [76/223] [(73, 1), (74, 1), (75, 2), (76, 1)]
  [80/223] [(77, 3), (78, 2), (79, 0), (80, 1)]
  [84/223] [(81, 2), (82, 2), (83, 3), (84, 3)]
  [88/223] [(85, 1), (86, 3), (87, 1), (88, 0)]
  [92/223] [(89, 3), (90, 1), (91, 2), (92, 3)]
  [96/223] [(93, 2), (94, 1), (95, 2), (96, 1)]
  [100/223] [(97, 0), (98, 3), (99, 1), (100, 1)]
  [104/223] [(101, 3), (102, 2), (103, 1), (104, 2)]
  [108/223] [(105, 3), (106, 0), (107, 2), (108, 3)]
  [112/223] [(109, 1), (110, 2), (111, 2), (112, 3)]
  [116/223] [(113, 1), (114, 2), (115, 0), (116, 1)]
  [120/223] [(117, 3), (118, 2), (119, 1), (120, 1)]
  [124/223] [(121, 3), (122, 2), (123, 1), (124, 0)]
  [128/223] [(125, 3), (126, 2), (127, 2), (128, 3)]
  [132/223] [(129, 2), (130, 3), (131, 1), (132, 1)]
  [136/223] [(133, 0), (134, 3), (135, 3), (136, 1)]
  [140/223] [(137, 2), (138, 1), (139, 1), (140, 2)]
  [144/223] [(141, 1), (142, 0), (143, 1), (144, 1)]
  [148/223] [(145, 3), (146, 2), (147, 1), (148, 3)]
  [152/223] [(149, 3), (150, 2), (151, 0), (152, 2)]
  [156/223] [(153, 1), (154, 3), (155, 2), (156, 2)]
  [160/223] [(157, 2), (158, 1), (159, 1), (160, 0)]
  [164/223] [(161, 2), (162, 3), (163, 2), (164, 2)]
  [168/223] [(165, 2), (166, 1), (167, 3), (168, 1)]
  [172/223] [(169, 0), (170, 1), (171, 3), (172, 2)]
  [176/223] [(173, 1), (174, 3), (175, 1), (176, 2)]
  [180/223] [(177, 2), (178, 0), (179, 2), (180, 3)]
  [184/223] [(181, 2), (182, 3), (183, 1), (184, 2)]
  [188/223] [(185, 3), (186, 1), (187, 0), (188, 2)]
  [192/223] [(189, 3), (190, 1), (191, 2), (192, 2)]
  [196/223] [(193, 2), (194, 1), (195, 1), (196, 0)]
  [200/223] [(197, 1), (198, 1), (199, 3), (200, 1)]
  [204/223] [(201, 2), (202, 3), (203, 3), (204, 2)]
  [208/223] [(205, 0), (206, 1), (207, 2), (208, 3)]
  [212/223] [(209, 2), (210, 3), (211, 3), (212, 2)]
  [216/223] [(213, 1), (214, 0), (215, 1), (216, 1)]
  [220/223] [(217, 2), (218, 1), (219, 2), (220, 3)]
  [223/223] [(221, 2), (222, 1), (223, 3)]
m5 done: đọc được 198/223
